<?xml version="1.0" encoding="UTF-8"?>
<testng-results ignored="0" total="2" passed="2" failed="0" skipped="0">
  <reporter-output>
  </reporter-output>
  <suite started-at="2022-07-30T01:15:27 IST" name="Suite" finished-at="2022-07-30T01:15:37 IST" duration-ms="9930">
    <groups>
    </groups>
    <test started-at="2022-07-30T01:15:27 IST" name="Test" finished-at="2022-07-30T01:15:37 IST" duration-ms="9930">
      <class name="selenimPracise.selenimPracise.baseCode">
        <test-method signature="login()[pri:0, instance:selenimPracise.selenimPracise.baseCode@78123e82]" started-at="2022-07-30T01:15:27 IST" name="login" finished-at="2022-07-30T01:15:36 IST" duration-ms="9480" status="PASS">
          <reporter-output>
          </reporter-output>
        </test-method> <!-- login -->
        <test-method signature="logoVerification1()[pri:0, instance:selenimPracise.selenimPracise.baseCode@78123e82]" started-at="2022-07-30T01:15:36 IST" name="logoVerification1" finished-at="2022-07-30T01:15:37 IST" duration-ms="382" status="PASS">
          <reporter-output>
          </reporter-output>
        </test-method> <!-- logoVerification1 -->
      </class> <!-- selenimPracise.selenimPracise.baseCode -->
    </test> <!-- Test -->
  </suite> <!-- Suite -->
</testng-results>
