<?xml version="1.0" encoding="UTF-8"?>
<testng-results ignored="0" total="2" passed="2" failed="0" skipped="0">
  <reporter-output>
  </reporter-output>
  <suite started-at="2022-07-30T00:38:42 IST" name="Suite" finished-at="2022-07-30T00:38:52 IST" duration-ms="9871">
    <groups>
    </groups>
    <test started-at="2022-07-30T00:38:42 IST" name="Test" finished-at="2022-07-30T00:38:52 IST" duration-ms="9871">
      <class name="selenimPracise.selenimPracise.baseCode">
        <test-method signature="login()[pri:0, instance:selenimPracise.selenimPracise.baseCode@47e2e487]" started-at="2022-07-30T00:38:42 IST" name="login" finished-at="2022-07-30T00:38:51 IST" duration-ms="8996" status="PASS">
          <reporter-output>
          </reporter-output>
        </test-method> <!-- login -->
        <test-method signature="logoVerification1()[pri:0, instance:selenimPracise.selenimPracise.baseCode@47e2e487]" started-at="2022-07-30T00:38:51 IST" name="logoVerification1" finished-at="2022-07-30T00:38:52 IST" duration-ms="826" status="PASS">
          <reporter-output>
          </reporter-output>
        </test-method> <!-- logoVerification1 -->
      </class> <!-- selenimPracise.selenimPracise.baseCode -->
    </test> <!-- Test -->
  </suite> <!-- Suite -->
</testng-results>
